2023-04-17 11:37:25,978 [INFO] - a.e.s.Slf4jLogger - Slf4jLogger started
2023-04-17 11:37:26,096 [INFO] - p.a.d.DefaultDBApi - Database [default] initialized
2023-04-17 11:37:26,102 [INFO] - application - Creating Pool for datasource 'default'
2023-04-17 11:37:26,116 [INFO] - c.z.h.HikariDataSource - HikariPool-1 - Starting...
2023-04-17 11:37:26,140 [INFO] - c.z.h.HikariDataSource - HikariPool-1 - Start completed.
2023-04-17 11:37:26,172 [INFO] - p.a.d.HikariCPConnectionPool - datasource [default] bound to JNDI as DefaultDS
2023-04-17 11:37:26,300 [INFO] - n.s.e.p.s.f.AnnotationSizeOfFilter - Using regular expression provided through VM argument net.sf.ehcache.pool.sizeof.ignore.pattern for IgnoreSizeOf annotation : ^.*cache\..*IgnoreSizeOf$
2023-04-17 11:37:26,304 [INFO] - n.s.e.p.s.AgentLoader - Unavailable or unrecognised attach API : java.lang.ClassNotFoundException: com.sun.tools.attach.VirtualMachine
2023-04-17 11:37:26,407 [INFO] - n.s.e.p.s.JvmInformation - Detected JVM data model settings of: 64-Bit OpenJDK JVM with Compressed OOPs
2023-04-17 11:37:26,407 [INFO] - n.s.e.p.i.DefaultSizeOfEngine - using Unsafe sizeof engine
2023-04-17 11:37:26,955 [INFO] - o.h.j.i.u.LogHelper - HHH000204: Processing PersistenceUnitInfo [name: mysqlPersistenceUnit]
2023-04-17 11:37:27,031 [INFO] - o.h.Version - HHH000412: Hibernate ORM core version 5.4.24.Final
2023-04-17 11:37:27,249 [INFO] - g.c.Common - Path to study assets directory is /Users/isagarbisch/Documents/GitHub/JATOS/jatos_mac_java/study_assets_root
2023-04-17 11:37:27,249 [INFO] - g.c.Common - Path to study logs directory is /Users/isagarbisch/Documents/GitHub/JATOS/jatos_mac_java/study_logs
2023-04-17 11:37:27,249 [INFO] - g.c.Common - Path to uploads directory is /Users/isagarbisch/Documents/GitHub/JATOS/jatos_mac_java/result_uploads
2023-04-17 11:37:27,275 [INFO] - o.h.a.c.Version - HCANN000001: Hibernate Commons Annotations {5.1.2.Final}
2023-04-17 11:37:27,519 [INFO] - o.h.d.Dialect - HHH000400: Using dialect: org.hibernate.dialect.MySQL57Dialect
2023-04-17 11:37:28,006 [INFO] - o.h.v.i.u.Version - HV000001: Hibernate Validator 6.0.16.Final
2023-04-17 11:37:29,051 [INFO] - o.h.e.t.j.p.i.JtaPlatformInitiator - HHH000490: Using JtaPlatform implementation: [org.hibernate.engine.transaction.jta.platform.internal.NoJtaPlatform]
2023-04-17 11:37:29,482 [INFO] - u.c.ComponentResultMigration - Start filling dataSize and dataShort fields of ComponentResults. This is part of the update and can take a while depending on the number of ComponentResults in your database.
2023-04-17 11:37:29,523 [INFO] - u.c.ComponentResultMigration - Filled dataSize and dataShort fields of ComponentResult 369
2023-04-17 11:37:29,527 [INFO] - u.c.ComponentResultMigration - Filled dataSize and dataShort fields of ComponentResult 366
2023-04-17 11:37:29,527 [INFO] - u.c.ComponentResultMigration - Filled dataSize and dataShort fields of ComponentResult 371
2023-04-17 11:37:29,528 [INFO] - u.c.ComponentResultMigration - Filled dataSize and dataShort fields of ComponentResult 372
2023-04-17 11:37:29,529 [INFO] - u.c.ComponentResultMigration - Filled dataSize and dataShort fields of ComponentResult 370
2023-04-17 11:37:29,532 [INFO] - u.c.ComponentResultMigration - Filled dataSize and dataShort fields of ComponentResult 368
2023-04-17 11:37:29,535 [INFO] - u.c.ComponentResultMigration - Filled dataSize and dataShort fields of ComponentResult 365
2023-04-17 11:37:29,537 [INFO] - u.c.ComponentResultMigration - Filled dataSize and dataShort fields of ComponentResult 367
2023-04-17 11:37:29,537 [INFO] - u.c.ComponentResultMigration - Filled dataSize and dataShort fields of ComponentResult 364
2023-04-17 11:37:29,538 [INFO] - u.c.ComponentResultMigration - Filled dataSize and dataShort fields of ComponentResult 373
2023-04-17 11:37:29,539 [INFO] - u.c.ComponentResultMigration - Filled dataSize and dataShort fields in 10 ComponentResult entities
2023-04-17 11:37:29,544 [INFO] - g.OnStartStop - JATOS started
2023-04-17 11:37:29,687 [INFO] - p.a.Play - Application started (Prod) (no global state)
2023-04-17 11:37:30,553 [INFO] - p.c.s.AkkaHttpServer - Listening for HTTP on /0:0:0:0:0:0:0:0:9000
2023-04-17 11:37:37,373 [WARN] - p.a.m.DefaultJWTCookieDataCodec - decode: cookie has invalid signature! message = JWT signature does not match locally computed signature. JWT validity cannot be asserted and should not be trusted.
2023-04-17 11:37:37,473 [WARN] - a.g.AuthActionSessionCookie - Authentication failed: remote address 127.0.0.1 tried to access page /jatos/1/studyLinks
2023-04-17 11:37:37,604 [WARN] - p.a.m.DefaultJWTCookieDataCodec - decode: cookie has invalid signature! message = JWT signature does not match locally computed signature. JWT validity cannot be asserted and should not be trusted.
2023-04-17 11:37:37,642 [INFO] - gui_access - GET /jatos/login (unknown)
2023-04-17 11:37:42,596 [WARN] - p.a.m.DefaultJWTCookieDataCodec - decode: cookie has invalid signature! message = JWT signature does not match locally computed signature. JWT validity cannot be asserted and should not be trusted.
2023-04-17 11:37:42,596 [INFO] - gui_access - POST /jatos/login (unknown)
2023-04-17 11:37:42,695 [INFO] - gui_access - GET /jatos (admin)
2023-04-17 11:37:42,917 [INFO] - gui_access - GET /jatos/branding (admin)
2023-04-17 11:37:42,952 [INFO] - gui_access - GET /jatos/sidebarStudyList (admin)
2023-04-17 11:37:44,497 [INFO] - gui_access - GET /jatos/1 (admin)
2023-04-17 11:37:44,624 [INFO] - gui_access - GET /jatos/sidebarStudyList (admin)
2023-04-17 11:37:44,677 [INFO] - gui_access - GET /jatos/1/componentsTableData?_=1681724264569 (admin)
2023-04-17 11:37:49,051 [INFO] - publix_access - GET /publix/3810cc6e-8964-440c-9327-162430bb3287/7454554e-2185-40cc-b4aa-be9618210fa0/start
2023-04-17 11:37:49,080 [INFO] - g.ErrorHandler - PublixException during call /publix/3810cc6e-8964-440c-9327-162430bb3287/7454554e-2185-40cc-b4aa-be9618210fa0/start: Study run is already finished (study result 221)
2023-04-17 11:37:50,902 [INFO] - publix_access - GET /publix/tPzVZqf8HuK?cb=3
2023-04-17 11:37:50,903 [INFO] - c.p.PublixInterceptor - .run: studyCode tPzVZqf8HuK
2023-04-17 11:37:51,057 [INFO] - c.p.w.GeneralMultiplePublix - .startStudy: studyCode tPzVZqf8HuK, studyResultId271, studyId 1, batchId 1, workerId 254
2023-04-17 11:37:51,077 [INFO] - publix_access - GET /publix/3f119267-e27b-4c1c-83fe-968ff66804b0/7454554e-2185-40cc-b4aa-be9618210fa0/start
2023-04-17 11:37:51,081 [INFO] - c.p.PublixInterceptor - .startComponent: studyResultId 271, componentId 1
2023-04-17 11:37:51,134 [INFO] - publix_access - GET /publix/3f119267-e27b-4c1c-83fe-968ff66804b0/7454554e-2185-40cc-b4aa-be9618210fa0/start
2023-04-17 11:37:51,140 [INFO] - c.p.PublixInterceptor - .startComponent: studyResultId 271, componentId 1
2023-04-17 11:37:53,467 [INFO] - publix_access - GET /publix/3f119267-e27b-4c1c-83fe-968ff66804b0/7454554e-2185-40cc-b4aa-be9618210fa0/initData
2023-04-17 11:37:53,472 [INFO] - c.p.PublixInterceptor - .getInitData: studyResultId 271, componentId 1
2023-04-17 11:37:53,490 [INFO] - publix_access - POST /publix/3f119267-e27b-4c1c-83fe-968ff66804b0/heartbeat
2023-04-17 11:37:53,491 [INFO] - c.p.PublixInterceptor - .heartbeat: studyResultId 271
2023-04-17 11:37:53,533 [INFO] - c.p.GeneralMultipleBatchChannel - .open: studyResult 271
2023-04-17 11:38:01,312 [INFO] - publix_access - GET /publix/3f119267-e27b-4c1c-83fe-968ff66804b0/7454554e-2185-40cc-b4aa-be9618210fa0/start
2023-04-17 11:38:01,319 [INFO] - c.p.PublixInterceptor - .startComponent: studyResultId 271, componentId 1
2023-04-17 11:39:16,062 [INFO] - publix_access - GET /publix/tPzVZqf8HuK?cb=3
2023-04-17 11:39:16,062 [INFO] - c.p.PublixInterceptor - .run: studyCode tPzVZqf8HuK
2023-04-17 11:39:16,117 [INFO] - c.p.w.GeneralMultiplePublix - .startStudy: studyCode tPzVZqf8HuK, studyResultId272, studyId 1, batchId 1, workerId 255
2023-04-17 11:39:16,134 [INFO] - publix_access - GET /publix/97940747-df4c-4e99-b7ae-d723b04247cf/7454554e-2185-40cc-b4aa-be9618210fa0/start
2023-04-17 11:39:16,137 [INFO] - c.p.PublixInterceptor - .startComponent: studyResultId 272, componentId 1
2023-04-17 11:39:16,332 [INFO] - publix_access - GET /publix/97940747-df4c-4e99-b7ae-d723b04247cf/7454554e-2185-40cc-b4aa-be9618210fa0/initData
2023-04-17 11:39:16,338 [INFO] - c.p.PublixInterceptor - .getInitData: studyResultId 272, componentId 1
2023-04-17 11:39:16,368 [INFO] - publix_access - POST /publix/97940747-df4c-4e99-b7ae-d723b04247cf/heartbeat
2023-04-17 11:39:16,370 [INFO] - c.p.PublixInterceptor - .heartbeat: studyResultId 272
2023-04-17 11:39:16,395 [INFO] - c.p.GeneralMultipleBatchChannel - .open: studyResult 272
2023-04-17 11:39:34,989 [INFO] - publix_access - PUT /publix/97940747-df4c-4e99-b7ae-d723b04247cf/7454554e-2185-40cc-b4aa-be9618210fa0/resultData
2023-04-17 11:39:34,998 [INFO] - c.p.PublixInterceptor - .submitOrAppendResultData: studyResultId 272, componentId 1
2023-04-17 11:39:35,029 [INFO] - publix_access - GET /publix/97940747-df4c-4e99-b7ae-d723b04247cf/end?successful=true&message=undefined%203
2023-04-17 11:39:35,031 [INFO] - c.p.PublixInterceptor - .finishStudy: studyResultId 272, successful true
2023-04-17 11:39:35,078 [INFO] - c.p.StudyAssets - .viaAssetsPath: failed loading from path /Users/isagarbisch/Documents/GitHub/JATOS/jatos_mac_java/study_assets_root/KofaDI/undefined
2023-04-17 11:40:00,344 [INFO] - publix_access - GET /publix/tPzVZqf8HuK?cb=3
2023-04-17 11:40:00,344 [INFO] - c.p.PublixInterceptor - .run: studyCode tPzVZqf8HuK
2023-04-17 11:40:00,380 [INFO] - c.p.w.GeneralMultiplePublix - .startStudy: studyCode tPzVZqf8HuK, studyResultId273, studyId 1, batchId 1, workerId 256
2023-04-17 11:40:00,397 [INFO] - publix_access - GET /publix/5a605b51-82b9-4ccb-a51b-ef6c96c47790/7454554e-2185-40cc-b4aa-be9618210fa0/start
2023-04-17 11:40:00,404 [INFO] - c.p.PublixInterceptor - .startComponent: studyResultId 273, componentId 1
2023-04-17 11:40:00,615 [INFO] - publix_access - GET /publix/5a605b51-82b9-4ccb-a51b-ef6c96c47790/7454554e-2185-40cc-b4aa-be9618210fa0/initData
2023-04-17 11:40:00,621 [INFO] - c.p.PublixInterceptor - .getInitData: studyResultId 273, componentId 1
2023-04-17 11:40:00,646 [INFO] - publix_access - POST /publix/5a605b51-82b9-4ccb-a51b-ef6c96c47790/heartbeat
2023-04-17 11:40:00,649 [INFO] - c.p.PublixInterceptor - .heartbeat: studyResultId 273
2023-04-17 11:40:00,661 [INFO] - c.p.GeneralMultipleBatchChannel - .open: studyResult 273
2023-04-17 11:40:16,874 [INFO] - publix_access - PUT /publix/5a605b51-82b9-4ccb-a51b-ef6c96c47790/7454554e-2185-40cc-b4aa-be9618210fa0/resultData
2023-04-17 11:40:16,879 [INFO] - c.p.PublixInterceptor - .submitOrAppendResultData: studyResultId 273, componentId 1
2023-04-17 11:40:16,941 [INFO] - publix_access - GET /publix/5a605b51-82b9-4ccb-a51b-ef6c96c47790/end?successful=true&message=undefined%203
2023-04-17 11:40:16,944 [INFO] - c.p.PublixInterceptor - .finishStudy: studyResultId 273, successful true
2023-04-17 11:40:16,997 [INFO] - c.p.StudyAssets - .viaAssetsPath: failed loading from path /Users/isagarbisch/Documents/GitHub/JATOS/jatos_mac_java/study_assets_root/KofaDI/undefined
2023-04-17 11:45:33,572 [INFO] - publix_access - GET /publix/tPzVZqf8HuK?cb=3
2023-04-17 11:45:33,572 [INFO] - c.p.PublixInterceptor - .run: studyCode tPzVZqf8HuK
2023-04-17 11:45:33,597 [INFO] - c.p.w.GeneralMultiplePublix - .startStudy: studyCode tPzVZqf8HuK, studyResultId274, studyId 1, batchId 1, workerId 257
2023-04-17 11:45:33,615 [INFO] - publix_access - GET /publix/6e0fc1dd-2ad9-49cb-b15b-f798d8efcae0/7454554e-2185-40cc-b4aa-be9618210fa0/start
2023-04-17 11:45:33,618 [INFO] - c.p.PublixInterceptor - .startComponent: studyResultId 274, componentId 1
2023-04-17 11:45:33,781 [INFO] - publix_access - GET /publix/6e0fc1dd-2ad9-49cb-b15b-f798d8efcae0/7454554e-2185-40cc-b4aa-be9618210fa0/initData
2023-04-17 11:45:33,785 [INFO] - c.p.PublixInterceptor - .getInitData: studyResultId 274, componentId 1
2023-04-17 11:45:33,803 [INFO] - publix_access - POST /publix/6e0fc1dd-2ad9-49cb-b15b-f798d8efcae0/heartbeat
2023-04-17 11:45:33,805 [INFO] - c.p.PublixInterceptor - .heartbeat: studyResultId 274
2023-04-17 11:45:33,814 [INFO] - c.p.GeneralMultipleBatchChannel - .open: studyResult 274
2023-04-17 11:46:12,713 [INFO] - publix_access - GET /publix/tPzVZqf8HuK?cb=3
2023-04-17 11:46:12,713 [INFO] - c.p.PublixInterceptor - .run: studyCode tPzVZqf8HuK
2023-04-17 11:46:12,747 [INFO] - c.p.w.GeneralMultiplePublix - .startStudy: studyCode tPzVZqf8HuK, studyResultId275, studyId 1, batchId 1, workerId 258
2023-04-17 11:46:12,761 [INFO] - publix_access - GET /publix/d270eef4-5dc2-4c54-9147-cca1e6f8f191/7454554e-2185-40cc-b4aa-be9618210fa0/start
2023-04-17 11:46:12,764 [INFO] - c.p.PublixInterceptor - .startComponent: studyResultId 275, componentId 1
2023-04-17 11:46:12,937 [INFO] - publix_access - GET /publix/d270eef4-5dc2-4c54-9147-cca1e6f8f191/7454554e-2185-40cc-b4aa-be9618210fa0/initData
2023-04-17 11:46:12,942 [INFO] - c.p.PublixInterceptor - .getInitData: studyResultId 275, componentId 1
2023-04-17 11:46:12,964 [INFO] - publix_access - POST /publix/d270eef4-5dc2-4c54-9147-cca1e6f8f191/heartbeat
2023-04-17 11:46:12,966 [INFO] - c.p.PublixInterceptor - .heartbeat: studyResultId 275
2023-04-17 11:46:12,976 [INFO] - c.p.GeneralMultipleBatchChannel - .open: studyResult 275
2023-04-17 11:47:07,948 [INFO] - publix_access - GET /publix/tPzVZqf8HuK?cb=3
2023-04-17 11:47:07,948 [INFO] - c.p.PublixInterceptor - .run: studyCode tPzVZqf8HuK
2023-04-17 11:47:07,991 [INFO] - c.p.w.GeneralMultiplePublix - .startStudy: studyCode tPzVZqf8HuK, studyResultId276, studyId 1, batchId 1, workerId 259
2023-04-17 11:47:08,001 [INFO] - publix_access - GET /publix/db645147-a544-4d4c-bb50-a8f716f98990/7454554e-2185-40cc-b4aa-be9618210fa0/start
2023-04-17 11:47:08,006 [INFO] - c.p.PublixInterceptor - .startComponent: studyResultId 276, componentId 1
2023-04-17 11:47:08,154 [INFO] - publix_access - GET /publix/db645147-a544-4d4c-bb50-a8f716f98990/7454554e-2185-40cc-b4aa-be9618210fa0/initData
2023-04-17 11:47:08,160 [INFO] - c.p.PublixInterceptor - .getInitData: studyResultId 276, componentId 1
2023-04-17 11:47:08,190 [INFO] - publix_access - POST /publix/db645147-a544-4d4c-bb50-a8f716f98990/heartbeat
2023-04-17 11:47:08,191 [INFO] - c.p.GeneralMultipleBatchChannel - .open: studyResult 276
2023-04-17 11:47:08,192 [INFO] - c.p.PublixInterceptor - .heartbeat: studyResultId 276
2023-04-17 11:47:28,954 [INFO] - publix_access - GET /publix/tPzVZqf8HuK?cb=3
2023-04-17 11:47:28,954 [INFO] - c.p.PublixInterceptor - .run: studyCode tPzVZqf8HuK
2023-04-17 11:47:28,995 [INFO] - c.p.w.GeneralMultiplePublix - .startStudy: studyCode tPzVZqf8HuK, studyResultId277, studyId 1, batchId 1, workerId 260
2023-04-17 11:47:29,009 [INFO] - publix_access - GET /publix/949ef80a-4a2b-4864-8466-47b42f3fb640/7454554e-2185-40cc-b4aa-be9618210fa0/start
2023-04-17 11:47:29,017 [INFO] - c.p.PublixInterceptor - .startComponent: studyResultId 277, componentId 1
2023-04-17 11:47:29,270 [INFO] - publix_access - GET /publix/949ef80a-4a2b-4864-8466-47b42f3fb640/7454554e-2185-40cc-b4aa-be9618210fa0/initData
2023-04-17 11:47:29,275 [INFO] - c.p.PublixInterceptor - .getInitData: studyResultId 277, componentId 1
2023-04-17 11:47:29,297 [INFO] - c.p.GeneralMultipleBatchChannel - .open: studyResult 277
2023-04-17 11:47:29,359 [INFO] - publix_access - POST /publix/949ef80a-4a2b-4864-8466-47b42f3fb640/heartbeat
2023-04-17 11:47:29,366 [INFO] - c.p.PublixInterceptor - .heartbeat: studyResultId 277
2023-04-17 11:47:58,230 [INFO] - publix_access - PUT /publix/949ef80a-4a2b-4864-8466-47b42f3fb640/7454554e-2185-40cc-b4aa-be9618210fa0/resultData
2023-04-17 11:47:58,234 [INFO] - c.p.PublixInterceptor - .submitOrAppendResultData: studyResultId 277, componentId 1
2023-04-17 11:47:58,248 [INFO] - publix_access - GET /publix/949ef80a-4a2b-4864-8466-47b42f3fb640/end?successful=true&message=undefined%203
2023-04-17 11:47:58,249 [INFO] - c.p.PublixInterceptor - .finishStudy: studyResultId 277, successful true
2023-04-17 11:47:58,283 [INFO] - c.p.StudyAssets - .viaAssetsPath: failed loading from path /Users/isagarbisch/Documents/GitHub/JATOS/jatos_mac_java/study_assets_root/KofaDI/undefined
2023-04-17 11:49:12,600 [INFO] - gui_access - POST /jatos/study (admin)
2023-04-17 11:49:23,055 [INFO] - gui_access - POST /jatos/study (admin)
2023-04-17 11:49:23,095 [INFO] - gui_access - GET /jatos/2 (admin)
2023-04-17 11:49:23,197 [INFO] - gui_access - GET /jatos/sidebarStudyList (admin)
2023-04-17 11:49:23,249 [INFO] - gui_access - GET /jatos/2/componentsTableData?_=1681724963143 (admin)
2023-04-17 11:49:37,111 [INFO] - gui_access - POST /jatos/2/component (admin)
2023-04-17 11:49:46,844 [INFO] - gui_access - POST /jatos/2/component (admin)
2023-04-17 11:49:46,868 [INFO] - gui_access - GET /jatos/sidebarStudyList (admin)
2023-04-17 11:49:46,872 [INFO] - gui_access - GET /jatos/2/componentsTableData?_=1681724963144 (admin)
2023-04-17 11:50:13,425 [INFO] - gui_access - POST /jatos/study (admin)
2023-04-17 11:50:13,469 [INFO] - gui_access - GET /jatos/3 (admin)
2023-04-17 11:50:13,561 [INFO] - gui_access - GET /jatos/sidebarStudyList (admin)
2023-04-17 11:50:13,610 [INFO] - gui_access - GET /jatos/3/componentsTableData?_=1681725013500 (admin)
2023-04-17 11:50:35,568 [INFO] - gui_access - POST /jatos/3/component (admin)
2023-04-17 11:50:35,590 [INFO] - gui_access - GET /jatos/sidebarStudyList (admin)
2023-04-17 11:50:35,593 [INFO] - gui_access - GET /jatos/3/componentsTableData?_=1681725013501 (admin)
2023-04-17 11:50:37,204 [INFO] - gui_access - GET /jatos/2 (admin)
2023-04-17 11:50:37,273 [INFO] - gui_access - GET /jatos/sidebarStudyList (admin)
2023-04-17 11:50:37,320 [INFO] - gui_access - GET /jatos/2/componentsTableData?_=1681725037235 (admin)
2023-04-17 11:50:39,455 [INFO] - gui_access - GET /jatos/2/studyLinks (admin)
2023-04-17 11:50:39,554 [INFO] - gui_access - GET /jatos/sidebarStudyList (admin)
2023-04-17 11:50:39,598 [INFO] - gui_access - GET /jatos/2/batches?_=1681725039507 (admin)
2023-04-17 11:50:39,607 [WARN] - o.h.o.deprecation - HHH90000017: Found use of deprecated entity-type selector syntax in HQL/JPQL query ['sr.worker.class']; use TYPE operator instead : type(sr.worker)
2023-04-17 11:50:39,631 [INFO] - gui_access - GET /jatos/2/batch/3/studyLinksSetupData (admin)
2023-04-17 11:50:41,969 [INFO] - gui_access - POST /jatos/2/batch/3/properties/workerType/GeneralMultiple?allow=true (admin)
2023-04-17 11:50:42,500 [INFO] - gui_access - POST /jatos/2/batch/3/properties/workerType/GeneralSingle?allow=true (admin)
2023-04-17 11:50:43,606 [INFO] - api_access - GET /jatos/api/v1/studies/2/studyCodes?batchId=3&type=GeneralMultiple (admin)
2023-04-17 11:50:50,806 [INFO] - publix_access - GET /publix/3CZWPfohUVM?cb=3
2023-04-17 11:50:50,806 [INFO] - c.p.PublixInterceptor - .run: studyCode 3CZWPfohUVM
2023-04-17 11:50:50,822 [INFO] - c.p.w.GeneralMultiplePublix - .startStudy: studyCode 3CZWPfohUVM, studyResultId278, studyId 2, batchId 3, workerId 261
2023-04-17 11:50:50,838 [INFO] - publix_access - GET /publix/f4ac2c0c-6a07-470c-9a31-e3033a3218dc/5cebf49e-41cc-40e2-9432-cf4498efc587/start
2023-04-17 11:50:50,845 [INFO] - c.p.PublixInterceptor - .startComponent: studyResultId 278, componentId 2
2023-04-17 11:50:50,851 [INFO] - g.ErrorHandler - PublixException during call /publix/f4ac2c0c-6a07-470c-9a31-e3033a3218dc/5cebf49e-41cc-40e2-9432-cf4498efc587/start: HTML file 'experiment_desktop.html' in study assets 'KofaDI_desktop' couldn't be found. Please change this in the component's properties.
2023-04-17 11:51:54,277 [INFO] - publix_access - GET /publix/3CZWPfohUVM?cb=3
2023-04-17 11:51:54,277 [INFO] - c.p.PublixInterceptor - .run: studyCode 3CZWPfohUVM
2023-04-17 11:51:54,317 [INFO] - c.p.w.GeneralMultiplePublix - .startStudy: studyCode 3CZWPfohUVM, studyResultId279, studyId 2, batchId 3, workerId 262
2023-04-17 11:51:54,331 [INFO] - publix_access - GET /publix/307245a9-3bbd-4c25-9302-4448f8ab3e15/5cebf49e-41cc-40e2-9432-cf4498efc587/start
2023-04-17 11:51:54,335 [INFO] - c.p.PublixInterceptor - .startComponent: studyResultId 279, componentId 2
2023-04-17 11:51:54,476 [INFO] - publix_access - GET /publix/307245a9-3bbd-4c25-9302-4448f8ab3e15/5cebf49e-41cc-40e2-9432-cf4498efc587/initData
2023-04-17 11:51:54,481 [INFO] - c.p.PublixInterceptor - .getInitData: studyResultId 279, componentId 2
2023-04-17 11:51:54,492 [INFO] - publix_access - POST /publix/307245a9-3bbd-4c25-9302-4448f8ab3e15/heartbeat
2023-04-17 11:51:54,494 [INFO] - c.p.PublixInterceptor - .heartbeat: studyResultId 279
2023-04-17 11:51:54,518 [INFO] - c.p.GeneralMultipleBatchChannel - .open: studyResult 279
2023-04-17 11:52:11,452 [INFO] - publix_access - PUT /publix/307245a9-3bbd-4c25-9302-4448f8ab3e15/5cebf49e-41cc-40e2-9432-cf4498efc587/resultData
2023-04-17 11:52:11,455 [INFO] - c.p.PublixInterceptor - .submitOrAppendResultData: studyResultId 279, componentId 2
2023-04-17 11:52:11,467 [INFO] - publix_access - GET /publix/307245a9-3bbd-4c25-9302-4448f8ab3e15/end?successful=true&message=undefined%203
2023-04-17 11:52:11,468 [INFO] - c.p.PublixInterceptor - .finishStudy: studyResultId 279, successful true
2023-04-17 11:52:11,490 [INFO] - c.p.StudyAssets - .viaAssetsPath: failed loading from path /Users/isagarbisch/Documents/GitHub/JATOS/jatos_mac_java/study_assets_root/KofaDI_desktop/undefined
2023-04-17 11:52:17,814 [INFO] - gui_access - GET /jatos/3 (admin)
2023-04-17 11:52:17,887 [INFO] - gui_access - GET /jatos/sidebarStudyList (admin)
2023-04-17 11:52:17,937 [INFO] - gui_access - GET /jatos/3/componentsTableData?_=1681725137847 (admin)
2023-04-17 11:52:19,847 [INFO] - gui_access - GET /jatos/3/studyLinks (admin)
2023-04-17 11:52:19,924 [INFO] - gui_access - GET /jatos/sidebarStudyList (admin)
2023-04-17 11:52:19,950 [INFO] - gui_access - GET /jatos/3/batches?_=1681725139878 (admin)
2023-04-17 11:52:19,969 [INFO] - gui_access - GET /jatos/3/batch/4/studyLinksSetupData (admin)
2023-04-17 11:52:20,992 [INFO] - gui_access - POST /jatos/3/batch/4/properties/workerType/GeneralSingle?allow=true (admin)
2023-04-17 11:52:21,408 [INFO] - gui_access - POST /jatos/3/batch/4/properties/workerType/GeneralMultiple?allow=true (admin)
2023-04-17 11:52:22,656 [INFO] - api_access - GET /jatos/api/v1/studies/3/studyCodes?batchId=4&type=GeneralMultiple (admin)
2023-04-17 11:52:28,594 [INFO] - publix_access - GET /publix/uqwfTsbPxGa?cb=3
2023-04-17 11:52:28,594 [INFO] - c.p.PublixInterceptor - .run: studyCode uqwfTsbPxGa
2023-04-17 11:52:28,604 [INFO] - c.p.w.GeneralMultiplePublix - .startStudy: studyCode uqwfTsbPxGa, studyResultId280, studyId 3, batchId 4, workerId 263
2023-04-17 11:52:28,617 [INFO] - publix_access - GET /publix/d22d827c-769e-42c4-9492-a8fb649439db/3482f7a7-d711-407c-ae0d-1bb8bf10cd8b/start
2023-04-17 11:52:28,623 [INFO] - c.p.PublixInterceptor - .startComponent: studyResultId 280, componentId 3
2023-04-17 11:52:28,732 [INFO] - publix_access - GET /publix/d22d827c-769e-42c4-9492-a8fb649439db/3482f7a7-d711-407c-ae0d-1bb8bf10cd8b/initData
2023-04-17 11:52:28,735 [INFO] - c.p.PublixInterceptor - .getInitData: studyResultId 280, componentId 3
2023-04-17 11:52:28,752 [INFO] - publix_access - POST /publix/d22d827c-769e-42c4-9492-a8fb649439db/heartbeat
2023-04-17 11:52:28,753 [INFO] - c.p.PublixInterceptor - .heartbeat: studyResultId 280
2023-04-17 11:52:28,759 [INFO] - c.p.GeneralMultipleBatchChannel - .open: studyResult 280
2023-04-17 11:52:40,586 [INFO] - publix_access - PUT /publix/d22d827c-769e-42c4-9492-a8fb649439db/3482f7a7-d711-407c-ae0d-1bb8bf10cd8b/resultData
2023-04-17 11:52:40,589 [INFO] - c.p.PublixInterceptor - .submitOrAppendResultData: studyResultId 280, componentId 3
2023-04-17 11:52:40,600 [INFO] - publix_access - GET /publix/d22d827c-769e-42c4-9492-a8fb649439db/end?successful=true&message=undefined%203
2023-04-17 11:52:40,602 [INFO] - c.p.PublixInterceptor - .finishStudy: studyResultId 280, successful true
2023-04-17 11:52:40,626 [INFO] - c.p.StudyAssets - .viaAssetsPath: You tried to access the file KofaDI_mobile/undefined but it seems you have no access rights.
2023-04-17 11:58:25,653 [INFO] - c.p.StudyAssets - .viaAssetsPath: You tried to access the file KofaDI_mobile/undefined but it seems you have no access rights.
2023-04-17 11:58:26,709 [INFO] - c.p.StudyAssets - .viaAssetsPath: You tried to access the file KofaDI_mobile/undefined but it seems you have no access rights.
2023-04-17 11:58:30,048 [INFO] - api_access - GET /jatos/api/v1/studies/3/studyCodes?batchId=4&type=GeneralMultiple (admin)
2023-04-17 11:58:39,122 [INFO] - publix_access - GET /publix/uqwfTsbPxGa?cb=2
2023-04-17 11:58:39,122 [INFO] - c.p.PublixInterceptor - .run: studyCode uqwfTsbPxGa
2023-04-17 11:58:39,145 [INFO] - c.p.w.GeneralMultiplePublix - .startStudy: studyCode uqwfTsbPxGa, studyResultId281, studyId 3, batchId 4, workerId 264
2023-04-17 11:58:39,162 [INFO] - publix_access - GET /publix/cd286e21-d904-4c0a-92e9-09acf8bbd489/3482f7a7-d711-407c-ae0d-1bb8bf10cd8b/start
2023-04-17 11:58:39,165 [INFO] - c.p.PublixInterceptor - .startComponent: studyResultId 281, componentId 3
2023-04-17 11:58:39,291 [INFO] - publix_access - GET /publix/cd286e21-d904-4c0a-92e9-09acf8bbd489/3482f7a7-d711-407c-ae0d-1bb8bf10cd8b/initData
2023-04-17 11:58:39,297 [INFO] - c.p.PublixInterceptor - .getInitData: studyResultId 281, componentId 3
2023-04-17 11:58:39,310 [INFO] - publix_access - POST /publix/cd286e21-d904-4c0a-92e9-09acf8bbd489/heartbeat
2023-04-17 11:58:39,311 [INFO] - c.p.PublixInterceptor - .heartbeat: studyResultId 281
2023-04-17 11:58:39,320 [INFO] - c.p.GeneralMultipleBatchChannel - .open: studyResult 281
2023-04-17 12:00:13,765 [INFO] - publix_access - PUT /publix/cd286e21-d904-4c0a-92e9-09acf8bbd489/3482f7a7-d711-407c-ae0d-1bb8bf10cd8b/resultData
2023-04-17 12:00:13,768 [INFO] - c.p.PublixInterceptor - .submitOrAppendResultData: studyResultId 281, componentId 3
2023-04-17 12:00:13,781 [INFO] - publix_access - GET /publix/cd286e21-d904-4c0a-92e9-09acf8bbd489/end?successful=true&message=undefined%202
2023-04-17 12:00:13,782 [INFO] - c.p.PublixInterceptor - .finishStudy: studyResultId 281, successful true
2023-04-17 12:00:13,806 [INFO] - c.p.StudyAssets - .viaAssetsPath: You tried to access the file KofaDI_mobile/undefined but it seems you have no access rights.
2023-04-17 12:00:23,689 [INFO] - gui_access - GET /jatos/3 (admin)
2023-04-17 12:00:23,803 [INFO] - gui_access - GET /jatos/sidebarStudyList (admin)
2023-04-17 12:00:23,854 [INFO] - gui_access - GET /jatos/3/componentsTableData?_=1681725623742 (admin)
2023-04-17 12:00:25,875 [INFO] - api_access - GET /jatos/api/v1/studies/3 (admin)
2023-04-17 12:00:54,809 [INFO] - gui_access - GET /jatos/2 (admin)
2023-04-17 12:00:54,920 [INFO] - gui_access - GET /jatos/sidebarStudyList (admin)
2023-04-17 12:00:54,966 [INFO] - gui_access - GET /jatos/2/componentsTableData?_=1681725654853 (admin)
2023-04-17 12:00:55,800 [INFO] - api_access - GET /jatos/api/v1/studies/2 (admin)
2023-04-17 17:08:36,512 [INFO] - gui_access - GET /jatos/login (unknown)
2023-04-17 17:08:36,989 [INFO] - g.ErrorHandler - not found: Requested page  /apple-touch-icon-precomposed.png couldn't be found.
2023-04-17 17:08:36,999 [INFO] - g.ErrorHandler - not found: Requested page  /apple-touch-icon.png couldn't be found.
2023-04-17 17:08:39,212 [INFO] - gui_access - POST /jatos/login (unknown)
2023-04-17 17:08:39,335 [INFO] - gui_access - GET /jatos (admin)
2023-04-17 17:08:39,560 [INFO] - gui_access - GET /jatos/branding (admin)
2023-04-17 17:08:39,679 [INFO] - gui_access - GET /jatos/sidebarStudyList (admin)
2023-04-17 17:08:41,462 [INFO] - gui_access - GET /jatos/2 (admin)
2023-04-17 17:08:41,561 [INFO] - gui_access - GET /jatos/sidebarStudyList (admin)
2023-04-17 17:08:41,658 [INFO] - gui_access - GET /jatos/2/componentsTableData?_=1681744121481 (admin)
2023-04-17 17:08:44,282 [INFO] - gui_access - GET /jatos/2/studyLinks (admin)
2023-04-17 17:08:44,349 [INFO] - gui_access - GET /jatos/sidebarStudyList (admin)
2023-04-17 17:08:44,389 [INFO] - gui_access - GET /jatos/2/batches?_=1681744124304 (admin)
2023-04-17 17:08:44,433 [INFO] - gui_access - GET /jatos/2/batch/3/studyLinksSetupData (admin)
2023-04-17 17:08:45,920 [INFO] - api_access - GET /jatos/api/v1/studies/2/studyCodes?batchId=3&type=GeneralMultiple (admin)
2023-04-17 17:08:51,873 [INFO] - publix_access - GET /publix/3CZWPfohUVM?cb=2
2023-04-17 17:08:51,873 [INFO] - c.p.PublixInterceptor - .run: studyCode 3CZWPfohUVM
2023-04-17 17:08:51,881 [INFO] - c.p.w.GeneralMultiplePublix - .startStudy: studyCode 3CZWPfohUVM, studyResultId282, studyId 2, batchId 3, workerId 265
2023-04-17 17:08:51,912 [INFO] - publix_access - GET /publix/86bc748b-5944-49f8-8830-fa9b0eb4ef69/5cebf49e-41cc-40e2-9432-cf4498efc587/start
2023-04-17 17:08:51,916 [INFO] - c.p.PublixInterceptor - .startComponent: studyResultId 282, componentId 2
2023-04-17 17:08:52,231 [INFO] - publix_access - GET /publix/86bc748b-5944-49f8-8830-fa9b0eb4ef69/5cebf49e-41cc-40e2-9432-cf4498efc587/initData
2023-04-17 17:08:52,243 [INFO] - c.p.PublixInterceptor - .getInitData: studyResultId 282, componentId 2
2023-04-17 17:08:52,260 [INFO] - publix_access - POST /publix/86bc748b-5944-49f8-8830-fa9b0eb4ef69/heartbeat
2023-04-17 17:08:52,262 [INFO] - c.p.PublixInterceptor - .heartbeat: studyResultId 282
2023-04-17 17:08:52,339 [INFO] - c.p.GeneralMultipleBatchChannel - .open: studyResult 282
2023-04-17 17:10:52,332 [INFO] - publix_access - POST /publix/86bc748b-5944-49f8-8830-fa9b0eb4ef69/heartbeat
2023-04-17 17:10:52,333 [INFO] - c.p.PublixInterceptor - .heartbeat: studyResultId 282
2023-04-17 17:11:52,136 [INFO] - publix_access - GET /publix/86bc748b-5944-49f8-8830-fa9b0eb4ef69/5cebf49e-41cc-40e2-9432-cf4498efc587/start
2023-04-17 17:11:52,140 [INFO] - c.p.PublixInterceptor - .startComponent: studyResultId 282, componentId 2
2023-04-17 17:11:52,196 [INFO] - publix_access - GET /publix/86bc748b-5944-49f8-8830-fa9b0eb4ef69/end?successful=false&message=It%27s+not+allowed+to+reload+this+component+%28ID%3A+2%29.+Study+%28ID%3A+2%29+is+finished.
2023-04-17 17:11:52,198 [INFO] - c.p.PublixInterceptor - .finishStudy: studyResultId 282, successful false
2023-04-17 17:12:06,087 [INFO] - publix_access - GET /publix/3CZWPfohUVM?cb=3
2023-04-17 17:12:06,087 [INFO] - c.p.PublixInterceptor - .run: studyCode 3CZWPfohUVM
2023-04-17 17:12:06,103 [INFO] - c.p.w.GeneralMultiplePublix - .startStudy: studyCode 3CZWPfohUVM, studyResultId283, studyId 2, batchId 3, workerId 266
2023-04-17 17:12:06,122 [INFO] - publix_access - GET /publix/dbe7c092-fe21-453c-bd80-7efa169a6d8a/5cebf49e-41cc-40e2-9432-cf4498efc587/start
2023-04-17 17:12:06,130 [INFO] - c.p.PublixInterceptor - .startComponent: studyResultId 283, componentId 2
2023-04-17 17:12:06,325 [INFO] - publix_access - GET /publix/dbe7c092-fe21-453c-bd80-7efa169a6d8a/5cebf49e-41cc-40e2-9432-cf4498efc587/initData
2023-04-17 17:12:06,333 [INFO] - c.p.PublixInterceptor - .getInitData: studyResultId 283, componentId 2
2023-04-17 17:12:06,355 [INFO] - publix_access - POST /publix/dbe7c092-fe21-453c-bd80-7efa169a6d8a/heartbeat
2023-04-17 17:12:06,357 [INFO] - c.p.PublixInterceptor - .heartbeat: studyResultId 283
2023-04-17 17:12:06,369 [INFO] - c.p.GeneralMultipleBatchChannel - .open: studyResult 283
2023-04-17 17:12:46,266 [INFO] - publix_access - GET /publix/3CZWPfohUVM?cb=3
2023-04-17 17:12:46,267 [INFO] - c.p.PublixInterceptor - .run: studyCode 3CZWPfohUVM
2023-04-17 17:12:46,281 [INFO] - c.p.w.GeneralMultiplePublix - .startStudy: studyCode 3CZWPfohUVM, studyResultId284, studyId 2, batchId 3, workerId 267
2023-04-17 17:12:46,316 [INFO] - publix_access - GET /publix/1741c6a9-bdf3-4ba4-8cda-f8d585b8f7a3/5cebf49e-41cc-40e2-9432-cf4498efc587/start
2023-04-17 17:12:46,321 [INFO] - c.p.PublixInterceptor - .startComponent: studyResultId 284, componentId 2
2023-04-17 17:12:46,470 [INFO] - publix_access - GET /publix/1741c6a9-bdf3-4ba4-8cda-f8d585b8f7a3/5cebf49e-41cc-40e2-9432-cf4498efc587/initData
2023-04-17 17:12:46,477 [INFO] - c.p.PublixInterceptor - .getInitData: studyResultId 284, componentId 2
2023-04-17 17:12:46,498 [INFO] - publix_access - POST /publix/1741c6a9-bdf3-4ba4-8cda-f8d585b8f7a3/heartbeat
2023-04-17 17:12:46,500 [INFO] - c.p.PublixInterceptor - .heartbeat: studyResultId 284
2023-04-17 17:12:46,511 [INFO] - c.p.GeneralMultipleBatchChannel - .open: studyResult 284
2023-04-17 17:14:12,293 [INFO] - publix_access - GET /publix/3CZWPfohUVM?cb=3
2023-04-17 17:14:12,293 [INFO] - c.p.PublixInterceptor - .run: studyCode 3CZWPfohUVM
2023-04-17 17:14:12,353 [INFO] - c.p.w.GeneralMultiplePublix - .startStudy: studyCode 3CZWPfohUVM, studyResultId285, studyId 2, batchId 3, workerId 268
2023-04-17 17:14:12,382 [INFO] - publix_access - GET /publix/8ad04837-5285-4833-9fc8-30d0f22c681f/5cebf49e-41cc-40e2-9432-cf4498efc587/start
2023-04-17 17:14:12,388 [INFO] - c.p.PublixInterceptor - .startComponent: studyResultId 285, componentId 2
2023-04-17 17:14:12,791 [INFO] - publix_access - GET /publix/8ad04837-5285-4833-9fc8-30d0f22c681f/5cebf49e-41cc-40e2-9432-cf4498efc587/initData
2023-04-17 17:14:12,796 [INFO] - c.p.PublixInterceptor - .getInitData: studyResultId 285, componentId 2
2023-04-17 17:14:12,841 [INFO] - publix_access - POST /publix/8ad04837-5285-4833-9fc8-30d0f22c681f/heartbeat
2023-04-17 17:14:12,846 [INFO] - c.p.PublixInterceptor - .heartbeat: studyResultId 285
2023-04-17 17:14:12,877 [INFO] - c.p.GeneralMultipleBatchChannel - .open: studyResult 285
2023-04-17 17:15:13,852 [INFO] - publix_access - GET /publix/8ad04837-5285-4833-9fc8-30d0f22c681f/5cebf49e-41cc-40e2-9432-cf4498efc587/start
2023-04-17 17:15:13,864 [INFO] - c.p.PublixInterceptor - .startComponent: studyResultId 285, componentId 2
2023-04-17 17:15:13,889 [INFO] - publix_access - GET /publix/8ad04837-5285-4833-9fc8-30d0f22c681f/end?successful=false&message=It%27s+not+allowed+to+reload+this+component+%28ID%3A+2%29.+Study+%28ID%3A+2%29+is+finished.
2023-04-17 17:15:13,892 [INFO] - c.p.PublixInterceptor - .finishStudy: studyResultId 285, successful false
2023-04-17 17:15:25,868 [INFO] - publix_access - GET /publix/3CZWPfohUVM?cb=3
2023-04-17 17:15:25,868 [INFO] - c.p.PublixInterceptor - .run: studyCode 3CZWPfohUVM
2023-04-17 17:15:25,883 [INFO] - c.p.w.GeneralMultiplePublix - .startStudy: studyCode 3CZWPfohUVM, studyResultId286, studyId 2, batchId 3, workerId 269
2023-04-17 17:15:25,918 [INFO] - publix_access - GET /publix/bec59d91-c0a6-4c0e-ad69-b78b81aa79d6/5cebf49e-41cc-40e2-9432-cf4498efc587/start
2023-04-17 17:15:25,923 [INFO] - c.p.PublixInterceptor - .startComponent: studyResultId 286, componentId 2
2023-04-17 17:15:26,157 [INFO] - publix_access - GET /publix/bec59d91-c0a6-4c0e-ad69-b78b81aa79d6/5cebf49e-41cc-40e2-9432-cf4498efc587/initData
2023-04-17 17:15:26,163 [INFO] - c.p.PublixInterceptor - .getInitData: studyResultId 286, componentId 2
2023-04-17 17:15:26,184 [INFO] - publix_access - POST /publix/bec59d91-c0a6-4c0e-ad69-b78b81aa79d6/heartbeat
2023-04-17 17:15:26,186 [INFO] - c.p.PublixInterceptor - .heartbeat: studyResultId 286
2023-04-17 17:15:26,200 [INFO] - c.p.GeneralMultipleBatchChannel - .open: studyResult 286
2023-04-17 17:15:54,887 [INFO] - gui_access - GET /jatos/3 (admin)
2023-04-17 17:15:55,069 [INFO] - gui_access - GET /jatos/sidebarStudyList (admin)
2023-04-17 17:15:55,155 [INFO] - gui_access - GET /jatos/3/componentsTableData?_=1681744554927 (admin)
2023-04-17 17:15:57,490 [INFO] - gui_access - GET /jatos/3/studyLinks (admin)
2023-04-17 17:15:57,564 [INFO] - gui_access - GET /jatos/sidebarStudyList (admin)
2023-04-17 17:15:57,618 [INFO] - gui_access - GET /jatos/3/batches?_=1681744557522 (admin)
2023-04-17 17:15:57,680 [INFO] - gui_access - GET /jatos/3/batch/4/studyLinksSetupData (admin)
2023-04-17 17:15:59,153 [INFO] - api_access - GET /jatos/api/v1/studies/3/studyCodes?batchId=4&type=GeneralMultiple (admin)
2023-04-17 17:16:04,584 [INFO] - publix_access - GET /publix/uqwfTsbPxGa?cb=2
2023-04-17 17:16:04,585 [INFO] - c.p.PublixInterceptor - .run: studyCode uqwfTsbPxGa
2023-04-17 17:16:04,597 [INFO] - c.p.w.GeneralMultiplePublix - .startStudy: studyCode uqwfTsbPxGa, studyResultId287, studyId 3, batchId 4, workerId 270
2023-04-17 17:16:04,618 [INFO] - publix_access - GET /publix/bfa1fa70-8620-4824-ba31-b63f3e4ef258/3482f7a7-d711-407c-ae0d-1bb8bf10cd8b/start
2023-04-17 17:16:04,622 [INFO] - c.p.PublixInterceptor - .startComponent: studyResultId 287, componentId 3
2023-04-17 17:16:04,762 [INFO] - publix_access - GET /publix/bfa1fa70-8620-4824-ba31-b63f3e4ef258/3482f7a7-d711-407c-ae0d-1bb8bf10cd8b/initData
2023-04-17 17:16:04,766 [INFO] - c.p.PublixInterceptor - .getInitData: studyResultId 287, componentId 3
2023-04-17 17:16:04,785 [INFO] - publix_access - POST /publix/bfa1fa70-8620-4824-ba31-b63f3e4ef258/heartbeat
2023-04-17 17:16:04,791 [INFO] - c.p.PublixInterceptor - .heartbeat: studyResultId 287
2023-04-17 17:16:04,833 [INFO] - c.p.GeneralMultipleBatchChannel - .open: studyResult 287
2023-04-17 17:16:20,126 [INFO] - gui_access - GET /jatos/2 (admin)
2023-04-17 17:16:20,218 [INFO] - gui_access - GET /jatos/sidebarStudyList (admin)
2023-04-17 17:16:20,267 [INFO] - gui_access - GET /jatos/2/componentsTableData?_=1681744580150 (admin)
2023-04-17 17:17:08,872 [INFO] - gui_access - GET /jatos/2 (admin)
2023-04-17 17:17:08,914 [INFO] - gui_access - GET /jatos/sidebarStudyList (admin)
2023-04-17 17:17:08,953 [INFO] - gui_access - GET /jatos/2/componentsTableData?_=1681744628887 (admin)
2023-04-17 17:17:10,312 [INFO] - api_access - GET /jatos/api/v1/studies/2 (admin)
2023-04-17 17:17:16,371 [INFO] - gui_access - GET /jatos/3 (admin)
2023-04-17 17:17:16,441 [INFO] - gui_access - GET /jatos/sidebarStudyList (admin)
2023-04-17 17:17:16,506 [INFO] - gui_access - GET /jatos/3/componentsTableData?_=1681744636402 (admin)
2023-04-17 17:17:17,313 [INFO] - api_access - GET /jatos/api/v1/studies/3 (admin)
2023-04-17 17:18:04,862 [INFO] - publix_access - POST /publix/bfa1fa70-8620-4824-ba31-b63f3e4ef258/heartbeat
2023-04-17 17:18:04,872 [INFO] - c.p.PublixInterceptor - .heartbeat: studyResultId 287
2023-04-17 17:20:04,912 [INFO] - publix_access - POST /publix/bfa1fa70-8620-4824-ba31-b63f3e4ef258/heartbeat
2023-04-17 17:20:04,914 [INFO] - c.p.PublixInterceptor - .heartbeat: studyResultId 287
2023-04-17 17:20:34,736 [INFO] - gui_access - GET /jatos/2 (admin)
2023-04-17 17:20:34,859 [INFO] - gui_access - GET /jatos/sidebarStudyList (admin)
2023-04-17 17:20:34,907 [INFO] - gui_access - GET /jatos/2/componentsTableData?_=1681744834792 (admin)
2023-04-17 17:20:59,292 [INFO] - gui_access - GET /jatos/2 (admin)
2023-04-17 17:20:59,353 [INFO] - gui_access - GET /jatos/sidebarStudyList (admin)
2023-04-17 17:20:59,372 [INFO] - gui_access - GET /jatos/2/componentsTableData?_=1681744859313 (admin)
2023-04-17 17:21:01,047 [INFO] - gui_access - GET /jatos/2/studyLinks (admin)
2023-04-17 17:21:01,113 [INFO] - gui_access - GET /jatos/sidebarStudyList (admin)
2023-04-17 17:21:01,151 [INFO] - gui_access - GET /jatos/2/batches?_=1681744861070 (admin)
2023-04-17 17:21:01,195 [INFO] - gui_access - GET /jatos/2/batch/3/studyLinksSetupData (admin)
2023-04-17 17:21:02,838 [INFO] - api_access - GET /jatos/api/v1/studies/2/studyCodes?batchId=3&type=GeneralMultiple (admin)
2023-04-17 17:21:07,178 [INFO] - publix_access - GET /publix/3CZWPfohUVM?cb=3
2023-04-17 17:21:07,178 [INFO] - c.p.PublixInterceptor - .run: studyCode 3CZWPfohUVM
2023-04-17 17:21:07,203 [INFO] - c.p.w.GeneralMultiplePublix - .startStudy: studyCode 3CZWPfohUVM, studyResultId288, studyId 2, batchId 3, workerId 271
2023-04-17 17:21:07,247 [INFO] - publix_access - GET /publix/26e6321a-ac9c-4517-9a5f-16e7eee03fe9/5cebf49e-41cc-40e2-9432-cf4498efc587/start
2023-04-17 17:21:07,251 [INFO] - c.p.PublixInterceptor - .startComponent: studyResultId 288, componentId 2
2023-04-17 17:21:07,444 [INFO] - publix_access - GET /publix/26e6321a-ac9c-4517-9a5f-16e7eee03fe9/5cebf49e-41cc-40e2-9432-cf4498efc587/initData
2023-04-17 17:21:07,447 [INFO] - c.p.PublixInterceptor - .getInitData: studyResultId 288, componentId 2
2023-04-17 17:21:07,463 [INFO] - publix_access - POST /publix/26e6321a-ac9c-4517-9a5f-16e7eee03fe9/heartbeat
2023-04-17 17:21:07,466 [INFO] - c.p.PublixInterceptor - .heartbeat: studyResultId 288
2023-04-17 17:21:07,474 [INFO] - c.p.GeneralMultipleBatchChannel - .open: studyResult 288
2023-04-17 17:23:07,494 [INFO] - publix_access - POST /publix/26e6321a-ac9c-4517-9a5f-16e7eee03fe9/heartbeat
2023-04-17 17:23:07,495 [INFO] - c.p.PublixInterceptor - .heartbeat: studyResultId 288
2023-04-17 17:24:20,728 [INFO] - publix_access - GET /publix/3CZWPfohUVM?cb=3
2023-04-17 17:24:20,729 [INFO] - c.p.PublixInterceptor - .run: studyCode 3CZWPfohUVM
2023-04-17 17:24:20,771 [INFO] - c.p.w.GeneralMultiplePublix - .startStudy: studyCode 3CZWPfohUVM, studyResultId289, studyId 2, batchId 3, workerId 272
2023-04-17 17:24:20,799 [INFO] - publix_access - GET /publix/3daf1c01-5e9a-48fc-b3dd-c265343afa1b/5cebf49e-41cc-40e2-9432-cf4498efc587/start
2023-04-17 17:24:20,804 [INFO] - c.p.PublixInterceptor - .startComponent: studyResultId 289, componentId 2
2023-04-17 17:24:20,956 [INFO] - publix_access - GET /publix/3daf1c01-5e9a-48fc-b3dd-c265343afa1b/5cebf49e-41cc-40e2-9432-cf4498efc587/initData
2023-04-17 17:24:20,959 [INFO] - c.p.PublixInterceptor - .getInitData: studyResultId 289, componentId 2
2023-04-17 17:24:20,967 [INFO] - publix_access - POST /publix/3daf1c01-5e9a-48fc-b3dd-c265343afa1b/heartbeat
2023-04-17 17:24:20,969 [INFO] - c.p.PublixInterceptor - .heartbeat: studyResultId 289
2023-04-17 17:24:20,987 [INFO] - c.p.GeneralMultipleBatchChannel - .open: studyResult 289
2023-04-17 17:24:38,486 [INFO] - publix_access - GET /publix/3CZWPfohUVM?cb=12
2023-04-17 17:24:38,486 [INFO] - c.p.PublixInterceptor - .run: studyCode 3CZWPfohUVM
2023-04-17 17:24:38,497 [INFO] - c.p.w.GeneralMultiplePublix - .startStudy: studyCode 3CZWPfohUVM, studyResultId290, studyId 2, batchId 3, workerId 273
2023-04-17 17:24:38,525 [INFO] - publix_access - GET /publix/41a50e3b-7f4b-443f-8ecf-a839ad495424/5cebf49e-41cc-40e2-9432-cf4498efc587/start
2023-04-17 17:24:38,527 [INFO] - c.p.PublixInterceptor - .startComponent: studyResultId 290, componentId 2
2023-04-17 17:24:38,589 [INFO] - publix_access - GET /publix/41a50e3b-7f4b-443f-8ecf-a839ad495424/5cebf49e-41cc-40e2-9432-cf4498efc587/initData
2023-04-17 17:24:38,593 [INFO] - c.p.PublixInterceptor - .getInitData: studyResultId 290, componentId 2
2023-04-17 17:24:38,603 [INFO] - publix_access - POST /publix/41a50e3b-7f4b-443f-8ecf-a839ad495424/heartbeat
2023-04-17 17:24:38,604 [INFO] - c.p.PublixInterceptor - .heartbeat: studyResultId 290
2023-04-17 17:24:38,620 [INFO] - c.p.GeneralMultipleBatchChannel - .open: studyResult 290
2023-04-17 17:25:48,955 [INFO] - publix_access - GET /publix/3CZWPfohUVM?cb=3
2023-04-17 17:25:48,955 [INFO] - c.p.PublixInterceptor - .run: studyCode 3CZWPfohUVM
2023-04-17 17:25:49,009 [INFO] - c.p.w.GeneralMultiplePublix - .startStudy: studyCode 3CZWPfohUVM, studyResultId291, studyId 2, batchId 3, workerId 274
2023-04-17 17:25:49,048 [INFO] - publix_access - GET /publix/011f488d-37da-4404-ba32-bf9b0609bd83/5cebf49e-41cc-40e2-9432-cf4498efc587/start
2023-04-17 17:25:49,051 [INFO] - c.p.PublixInterceptor - .startComponent: studyResultId 291, componentId 2
2023-04-17 17:25:49,174 [INFO] - publix_access - GET /publix/011f488d-37da-4404-ba32-bf9b0609bd83/5cebf49e-41cc-40e2-9432-cf4498efc587/initData
2023-04-17 17:25:49,177 [INFO] - c.p.PublixInterceptor - .getInitData: studyResultId 291, componentId 2
2023-04-17 17:25:49,199 [INFO] - publix_access - POST /publix/011f488d-37da-4404-ba32-bf9b0609bd83/heartbeat
2023-04-17 17:25:49,201 [INFO] - c.p.PublixInterceptor - .heartbeat: studyResultId 291
2023-04-17 17:25:49,228 [INFO] - c.p.GeneralMultipleBatchChannel - .open: studyResult 291
2023-04-17 17:26:00,549 [INFO] - publix_access - GET /publix/3CZWPfohUVM?cb=12
2023-04-17 17:26:00,549 [INFO] - c.p.PublixInterceptor - .run: studyCode 3CZWPfohUVM
2023-04-17 17:26:00,558 [INFO] - c.p.w.GeneralMultiplePublix - .startStudy: studyCode 3CZWPfohUVM, studyResultId292, studyId 2, batchId 3, workerId 275
2023-04-17 17:26:00,574 [INFO] - publix_access - GET /publix/6764a88f-fac4-4528-812a-224028a4d08f/5cebf49e-41cc-40e2-9432-cf4498efc587/start
2023-04-17 17:26:00,577 [INFO] - c.p.PublixInterceptor - .startComponent: studyResultId 292, componentId 2
2023-04-17 17:26:00,645 [INFO] - publix_access - GET /publix/6764a88f-fac4-4528-812a-224028a4d08f/5cebf49e-41cc-40e2-9432-cf4498efc587/initData
2023-04-17 17:26:00,649 [INFO] - c.p.PublixInterceptor - .getInitData: studyResultId 292, componentId 2
2023-04-17 17:26:00,662 [INFO] - publix_access - POST /publix/6764a88f-fac4-4528-812a-224028a4d08f/heartbeat
2023-04-17 17:26:00,663 [INFO] - c.p.PublixInterceptor - .heartbeat: studyResultId 292
2023-04-17 17:26:00,677 [INFO] - c.p.GeneralMultipleBatchChannel - .open: studyResult 292
2023-04-17 17:28:00,724 [INFO] - publix_access - POST /publix/6764a88f-fac4-4528-812a-224028a4d08f/heartbeat
2023-04-17 17:28:00,725 [INFO] - c.p.PublixInterceptor - .heartbeat: studyResultId 292
2023-04-17 17:29:15,324 [INFO] - publix_access - GET /publix/3CZWPfohUVM?cb=3
2023-04-17 17:29:15,324 [INFO] - c.p.PublixInterceptor - .run: studyCode 3CZWPfohUVM
2023-04-17 17:29:15,333 [INFO] - c.p.w.GeneralMultiplePublix - .startStudy: studyCode 3CZWPfohUVM, studyResultId293, studyId 2, batchId 3, workerId 276
2023-04-17 17:29:15,383 [INFO] - publix_access - GET /publix/007d137f-4c58-4331-adc9-227031dcd731/5cebf49e-41cc-40e2-9432-cf4498efc587/start
2023-04-17 17:29:15,385 [INFO] - c.p.PublixInterceptor - .startComponent: studyResultId 293, componentId 2
2023-04-17 17:29:15,454 [INFO] - publix_access - GET /publix/007d137f-4c58-4331-adc9-227031dcd731/5cebf49e-41cc-40e2-9432-cf4498efc587/initData
2023-04-17 17:29:15,456 [INFO] - c.p.PublixInterceptor - .getInitData: studyResultId 293, componentId 2
2023-04-17 17:29:15,470 [INFO] - publix_access - POST /publix/007d137f-4c58-4331-adc9-227031dcd731/heartbeat
2023-04-17 17:29:15,470 [INFO] - c.p.PublixInterceptor - .heartbeat: studyResultId 293
2023-04-17 17:29:15,485 [INFO] - c.p.GeneralMultipleBatchChannel - .open: studyResult 293
2023-04-17 17:29:18,976 [INFO] - publix_access - GET /publix/3CZWPfohUVM?cb=12
2023-04-17 17:29:18,976 [INFO] - c.p.PublixInterceptor - .run: studyCode 3CZWPfohUVM
2023-04-17 17:29:18,990 [INFO] - c.p.w.GeneralMultiplePublix - .startStudy: studyCode 3CZWPfohUVM, studyResultId294, studyId 2, batchId 3, workerId 277
2023-04-17 17:29:19,031 [INFO] - publix_access - GET /publix/a1c3da3e-46e6-4214-96d3-4fd345db1f29/5cebf49e-41cc-40e2-9432-cf4498efc587/start
2023-04-17 17:29:19,033 [INFO] - c.p.PublixInterceptor - .startComponent: studyResultId 294, componentId 2
2023-04-17 17:29:19,091 [INFO] - publix_access - GET /publix/a1c3da3e-46e6-4214-96d3-4fd345db1f29/5cebf49e-41cc-40e2-9432-cf4498efc587/initData
2023-04-17 17:29:19,094 [INFO] - c.p.PublixInterceptor - .getInitData: studyResultId 294, componentId 2
2023-04-17 17:29:19,105 [INFO] - publix_access - POST /publix/a1c3da3e-46e6-4214-96d3-4fd345db1f29/heartbeat
2023-04-17 17:29:19,106 [INFO] - c.p.PublixInterceptor - .heartbeat: studyResultId 294
2023-04-17 17:29:19,113 [INFO] - c.p.GeneralMultipleBatchChannel - .open: studyResult 294
2023-04-17 17:31:19,121 [INFO] - publix_access - POST /publix/a1c3da3e-46e6-4214-96d3-4fd345db1f29/heartbeat
2023-04-17 17:31:19,122 [INFO] - c.p.PublixInterceptor - .heartbeat: studyResultId 294
2023-04-17 17:33:19,147 [INFO] - publix_access - POST /publix/a1c3da3e-46e6-4214-96d3-4fd345db1f29/heartbeat
2023-04-17 17:33:19,148 [INFO] - c.p.PublixInterceptor - .heartbeat: studyResultId 294
2023-04-17 17:35:19,162 [INFO] - publix_access - POST /publix/a1c3da3e-46e6-4214-96d3-4fd345db1f29/heartbeat
2023-04-17 17:35:19,163 [INFO] - c.p.PublixInterceptor - .heartbeat: studyResultId 294
2023-04-17 17:35:43,150 [INFO] - publix_access - PUT /publix/a1c3da3e-46e6-4214-96d3-4fd345db1f29/5cebf49e-41cc-40e2-9432-cf4498efc587/resultData
2023-04-17 17:35:43,154 [INFO] - c.p.PublixInterceptor - .submitOrAppendResultData: studyResultId 294, componentId 2
2023-04-17 17:35:43,165 [INFO] - publix_access - GET /publix/a1c3da3e-46e6-4214-96d3-4fd345db1f29/end?successful=true&message=undefined%2012
2023-04-17 17:35:43,166 [INFO] - c.p.PublixInterceptor - .finishStudy: studyResultId 294, successful true
2023-04-17 17:35:43,189 [INFO] - c.p.StudyAssets - .viaAssetsPath: failed loading from path /Users/isagarbisch/Documents/GitHub/JATOS/jatos_mac_java/study_assets_root/KofaDI_desktop/undefined
2023-04-17 17:36:34,051 [INFO] - gui_access - GET /jatos/2 (admin)
2023-04-17 17:36:34,156 [INFO] - gui_access - GET /jatos/sidebarStudyList (admin)
2023-04-17 17:36:34,216 [INFO] - gui_access - GET /jatos/2/componentsTableData?_=1681745794092 (admin)
2023-04-17 17:36:37,139 [INFO] - api_access - GET /jatos/api/v1/studies/2 (admin)
2023-04-17 17:36:41,591 [INFO] - gui_access - GET /jatos/3 (admin)
2023-04-17 17:36:41,730 [INFO] - gui_access - GET /jatos/sidebarStudyList (admin)
2023-04-17 17:36:41,772 [INFO] - gui_access - GET /jatos/3/componentsTableData?_=1681745801616 (admin)
2023-04-17 17:36:42,803 [INFO] - api_access - GET /jatos/api/v1/studies/3 (admin)
2023-04-17 20:33:27,291 [WARN] - c.z.h.p.HikariPool - HikariPool-1 - Thread starvation or clock leap detected (housekeeper delta=53s206ms).
2023-04-17 20:36:44,308 [WARN] - c.z.h.p.HikariPool - HikariPool-1 - Thread starvation or clock leap detected (housekeeper delta=1m17s43ms).
2023-04-17 20:39:10,681 [WARN] - c.z.h.p.HikariPool - HikariPool-1 - Thread starvation or clock leap detected (housekeeper delta=56s351ms).
2023-04-17 20:44:26,840 [WARN] - c.z.h.p.HikariPool - HikariPool-1 - Thread starvation or clock leap detected (housekeeper delta=4m16s34ms).
2023-04-17 21:00:02,159 [WARN] - c.z.h.p.HikariPool - HikariPool-1 - Thread starvation or clock leap detected (housekeeper delta=12m35s279ms).
2023-04-17 21:18:15,758 [WARN] - c.z.h.p.HikariPool - HikariPool-1 - Thread starvation or clock leap detected (housekeeper delta=16m13s584ms).
2023-04-17 21:53:30,080 [INFO] - p.c.s.AkkaHttpServer - Stopping server...
2023-04-17 21:53:30,125 [INFO] - g.OnStartStop - JATOS shutdown
2023-04-17 21:53:30,184 [INFO] - application - Shutting down connection pool.
2023-04-17 21:53:30,186 [INFO] - c.z.h.HikariDataSource - HikariPool-1 - Shutdown initiated...
2023-04-17 21:53:30,195 [INFO] - c.z.h.HikariDataSource - HikariPool-1 - Shutdown completed.
